<?xml version="1.0" encoding="UTF-8"?>
<testsuites>
  <testsuite id="0" name="C:\Users\patip\Desktop\new clone\letslearn\test\test.js" errors="0" package="C:\Users\patip\Desktop\new clone\letslearn\test\test.js" hostname="localhost" tests="25" failures="0" time="1.564" timestamp="2022-04-19T15:58:30">
    <properties>
    </properties>
    <testcase classname="test jest" name="adds 1 + 2 = 3" time="0">
    </testcase>
    <testcase classname="pop" name="popping" time="0">
    </testcase>
    <testcase classname="pop" name="pop null" time="0">
    </testcase>
    <testcase classname="peek" name="peeking" time="0">
    </testcase>
    <testcase classname="peek" name="peek null" time="0">
    </testcase>
    <testcase classname="isEmpty" name="isEmpty push" time="0">
    </testcase>
    <testcase classname="isEmpty" name="isEmpyty " time="0">
    </testcase>
    <testcase classname="size" name="size push (1)" time="0">
    </testcase>
    <testcase classname="size" name="size push (1)" time="0">
    </testcase>
    <testcase classname="size" name="size push (1,2)" time="0">
    </testcase>
    <testcase classname="size push pop" name="size push (1,2,3) pop()" time="0">
    </testcase>
    <testcase classname="clear" name="clear" time="0">
    </testcase>
    <testcase classname="clear" name="clear null" time="0">
    </testcase>
    <testcase classname="toArray" name="toArray" time="0">
    </testcase>
    <testcase classname="toArray" name="toArray null" time="0">
    </testcase>
    <testcase classname="toString" name="toString" time="0">
    </testcase>
    <testcase classname="toString" name="toString null" time="0">
    </testcase>
    <testcase classname="getmax" name="getmax (1,2,3)" time="0">
    </testcase>
    <testcase classname="getmax" name="getmax (0,0,0)" time="0">
    </testcase>
    <testcase classname="getmax" name="getmax null" time="0">
    </testcase>
    <testcase classname="getmin" name="getmin (1,2,3)" time="0">
    </testcase>
    <testcase classname="getmin" name="getmin (-1,0,-3)" time="0">
    </testcase>
    <testcase classname="getmin" name="getmin null" time="0">
    </testcase>
    <testcase classname="getAverage" name="getAverage (1,2,3)" time="0">
    </testcase>
    <testcase classname="getAverage" name="getAverage (1,2,3)" time="0">
    </testcase>
    <system-out/>
    <system-err/>
  </testsuite>
  <testsuite id="1" name="C:\Users\patip\Desktop\new clone\letslearn\test\ui-test.test.js" errors="0" package="C:\Users\patip\Desktop\new clone\letslearn\test\ui-test.test.js" hostname="localhost" tests="5" failures="0" time="20.402" timestamp="2022-04-19T15:58:30">
    <properties>
    </properties>
    <testcase classname="webdriver" name="Successful Admin Login" time="0">
    </testcase>
    <testcase classname="webdriver" name="Successful Member Login" time="0">
    </testcase>
    <testcase classname="webdriver" name="Successful Admin Login =&gt; Dashboard" time="0">
    </testcase>
    <testcase classname="webdriver" name="Successful Member Login =&gt; Search" time="0">
    </testcase>
    <testcase classname="webdriver" name="Successful Filter Posts" time="0">
    </testcase>
    <system-out/>
    <system-err/>
  </testsuite>
</testsuites>